[debug] [2021-06-12T11:53:45.394Z] ----------------------------------------------------------------------
[debug] [2021-06-12T11:53:45.397Z] Command:       C:\Program Files\nodejs\node.exe C:\Users\Shreetesh M\AppData\Roaming\npm\node_modules\firebase-tools\lib\bin\firebase.js init
[debug] [2021-06-12T11:53:45.397Z] CLI Version:   9.12.1
[debug] [2021-06-12T11:53:45.397Z] Platform:      win32
[debug] [2021-06-12T11:53:45.397Z] Node Version:  v12.16.0
[debug] [2021-06-12T11:53:45.398Z] Time:          Sat Jun 12 2021 17:23:45 GMT+0530 (India Standard Time)
[debug] [2021-06-12T11:53:45.398Z] ----------------------------------------------------------------------
[debug] 
[debug] [2021-06-12T11:53:45.401Z] >>> [apiv2][query] GET https://firebase-public.firebaseio.com/cli.json [none]
[debug] [2021-06-12T11:53:45.431Z] > command requires scopes: ["email","openid","https://www.googleapis.com/auth/cloudplatformprojects.readonly","https://www.googleapis.com/auth/firebase","https://www.googleapis.com/auth/cloud-platform"]
[debug] [2021-06-12T11:53:45.431Z] > authorizing via signed-in user (stackwork87@gmail.com)
[info] 
     ######## #### ########  ######## ########     ###     ######  ########
     ##        ##  ##     ## ##       ##     ##  ##   ##  ##       ##
     ######    ##  ########  ######   ########  #########  ######  ######
     ##        ##  ##    ##  ##       ##     ## ##     ##       ## ##
     ##       #### ##     ## ######## ########  ##     ##  ######  ########

You're about to initialize a Firebase project in this directory:

  D:\Enshrine Global Systems\speech-to-text-app

[info] 
=== Project Setup
[info] 
[info] First, let's associate this project directory with a Firebase project.
[info] You can create multiple project aliases by running firebase use --add, 
[info] but for now we'll just set up a default project.
[info] 
[debug] [2021-06-12T11:54:08.814Z] >>> [apiv2][query] GET https://firebase.googleapis.com/v1beta1/projects pageSize=100
[debug] [2021-06-12T11:54:09.016Z] Failed to make request to https://firebase.googleapis.com/v1beta1/projects?pageSize=100
[debug] [2021-06-12T11:54:09.027Z] FirebaseError: Failed to make request to https://firebase.googleapis.com/v1beta1/projects?pageSize=100
    at Client.doRequest (C:\Users\Shreetesh M\AppData\Roaming\npm\node_modules\firebase-tools\lib\apiv2.js:211:19)
    at processTicksAndRejections (internal/process/task_queues.js:97:5)
[error] 
[error] Error: Failed to list Firebase projects. See firebase-debug.log for more info.
